Analysis & Synthesis report for ALU_16
Fri Dec 04 20:16:31 2020
Quartus Prime Version 20.1.0 Build 711 06/05/2020 SJ Lite Edition


---------------------
; Table of Contents ;
---------------------
  1. Legal Notice
  2. Analysis & Synthesis Summary
  3. Analysis & Synthesis Settings
  4. Parallel Compilation
  5. Analysis & Synthesis Source Files Read
  6. Analysis & Synthesis Resource Usage Summary
  7. Analysis & Synthesis Resource Utilization by Entity
  8. General Register Statistics
  9. Port Connectivity Checks: "BKAdder:sub1"
 10. Port Connectivity Checks: "BKAdder:a1"
 11. Post-Synthesis Netlist Statistics for Top Partition
 12. Elapsed Time Per Partition
 13. Analysis & Synthesis Messages



----------------
; Legal Notice ;
----------------
Copyright (C) 2020  Intel Corporation. All rights reserved.
Your use of Intel Corporation's design tools, logic functions 
and other software and tools, and any partner logic 
functions, and any output files from any of the foregoing 
(including device programming or simulation files), and any 
associated documentation or information are expressly subject 
to the terms and conditions of the Intel Program License 
Subscription Agreement, the Intel Quartus Prime License Agreement,
the Intel FPGA IP License Agreement, or other applicable license
agreement, including, without limitation, that your use is for
the sole purpose of programming logic devices manufactured by
Intel and sold by Intel or its authorized distributors.  Please
refer to the applicable agreement for further details, at
https://fpgasoftware.intel.com/eula.



+-------------------------------------------------------------------------------+
; Analysis & Synthesis Summary                                                  ;
+---------------------------------+---------------------------------------------+
; Analysis & Synthesis Status     ; Successful - Fri Dec 04 20:16:31 2020       ;
; Quartus Prime Version           ; 20.1.0 Build 711 06/05/2020 SJ Lite Edition ;
; Revision Name                   ; ALU_16                                      ;
; Top-level Entity Name           ; ALU_16                                      ;
; Family                          ; Cyclone V                                   ;
; Logic utilization (in ALMs)     ; N/A                                         ;
; Total registers                 ; 0                                           ;
; Total pins                      ; 52                                          ;
; Total virtual pins              ; 0                                           ;
; Total block memory bits         ; 0                                           ;
; Total DSP Blocks                ; 0                                           ;
; Total HSSI RX PCSs              ; 0                                           ;
; Total HSSI PMA RX Deserializers ; 0                                           ;
; Total HSSI TX PCSs              ; 0                                           ;
; Total HSSI PMA TX Serializers   ; 0                                           ;
; Total PLLs                      ; 0                                           ;
; Total DLLs                      ; 0                                           ;
+---------------------------------+---------------------------------------------+


+---------------------------------------------------------------------------------------------------------------------------+
; Analysis & Synthesis Settings                                                                                             ;
+---------------------------------------------------------------------------------+--------------------+--------------------+
; Option                                                                          ; Setting            ; Default Value      ;
+---------------------------------------------------------------------------------+--------------------+--------------------+
; Device                                                                          ; 5CGXFC7C7F23C8     ;                    ;
; Top-level entity name                                                           ; ALU_16             ; ALU_16             ;
; Family name                                                                     ; Cyclone V          ; Cyclone V          ;
; Use smart compilation                                                           ; Off                ; Off                ;
; Enable parallel Assembler and Timing Analyzer during compilation                ; On                 ; On                 ;
; Enable compact report table                                                     ; Off                ; Off                ;
; Restructure Multiplexers                                                        ; Auto               ; Auto               ;
; MLAB Add Timing Constraints For Mixed-Port Feed-Through Mode Setting Don't Care ; Off                ; Off                ;
; Create Debugging Nodes for IP Cores                                             ; Off                ; Off                ;
; Preserve fewer node names                                                       ; On                 ; On                 ;
; Intel FPGA IP Evaluation Mode                                                   ; Enable             ; Enable             ;
; Verilog Version                                                                 ; Verilog_2001       ; Verilog_2001       ;
; VHDL Version                                                                    ; VHDL_1993          ; VHDL_1993          ;
; State Machine Processing                                                        ; Auto               ; Auto               ;
; Safe State Machine                                                              ; Off                ; Off                ;
; Extract Verilog State Machines                                                  ; On                 ; On                 ;
; Extract VHDL State Machines                                                     ; On                 ; On                 ;
; Ignore Verilog initial constructs                                               ; Off                ; Off                ;
; Iteration limit for constant Verilog loops                                      ; 5000               ; 5000               ;
; Iteration limit for non-constant Verilog loops                                  ; 250                ; 250                ;
; Add Pass-Through Logic to Inferred RAMs                                         ; On                 ; On                 ;
; Infer RAMs from Raw Logic                                                       ; On                 ; On                 ;
; Parallel Synthesis                                                              ; On                 ; On                 ;
; DSP Block Balancing                                                             ; Auto               ; Auto               ;
; NOT Gate Push-Back                                                              ; On                 ; On                 ;
; Power-Up Don't Care                                                             ; On                 ; On                 ;
; Remove Redundant Logic Cells                                                    ; Off                ; Off                ;
; Remove Duplicate Registers                                                      ; On                 ; On                 ;
; Ignore CARRY Buffers                                                            ; Off                ; Off                ;
; Ignore CASCADE Buffers                                                          ; Off                ; Off                ;
; Ignore GLOBAL Buffers                                                           ; Off                ; Off                ;
; Ignore ROW GLOBAL Buffers                                                       ; Off                ; Off                ;
; Ignore LCELL Buffers                                                            ; Off                ; Off                ;
; Ignore SOFT Buffers                                                             ; On                 ; On                 ;
; Limit AHDL Integers to 32 Bits                                                  ; Off                ; Off                ;
; Optimization Technique                                                          ; Balanced           ; Balanced           ;
; Carry Chain Length                                                              ; 70                 ; 70                 ;
; Auto Carry Chains                                                               ; On                 ; On                 ;
; Auto Open-Drain Pins                                                            ; On                 ; On                 ;
; Perform WYSIWYG Primitive Resynthesis                                           ; Off                ; Off                ;
; Auto ROM Replacement                                                            ; On                 ; On                 ;
; Auto RAM Replacement                                                            ; On                 ; On                 ;
; Auto DSP Block Replacement                                                      ; On                 ; On                 ;
; Auto Shift Register Replacement                                                 ; Auto               ; Auto               ;
; Allow Shift Register Merging across Hierarchies                                 ; Auto               ; Auto               ;
; Auto Clock Enable Replacement                                                   ; On                 ; On                 ;
; Strict RAM Replacement                                                          ; Off                ; Off                ;
; Allow Synchronous Control Signals                                               ; On                 ; On                 ;
; Force Use of Synchronous Clear Signals                                          ; Off                ; Off                ;
; Auto Resource Sharing                                                           ; Off                ; Off                ;
; Allow Any RAM Size For Recognition                                              ; Off                ; Off                ;
; Allow Any ROM Size For Recognition                                              ; Off                ; Off                ;
; Allow Any Shift Register Size For Recognition                                   ; Off                ; Off                ;
; Use LogicLock Constraints during Resource Balancing                             ; On                 ; On                 ;
; Ignore translate_off and synthesis_off directives                               ; Off                ; Off                ;
; Timing-Driven Synthesis                                                         ; On                 ; On                 ;
; Report Parameter Settings                                                       ; On                 ; On                 ;
; Report Source Assignments                                                       ; On                 ; On                 ;
; Report Connectivity Checks                                                      ; On                 ; On                 ;
; Ignore Maximum Fan-Out Assignments                                              ; Off                ; Off                ;
; Synchronization Register Chain Length                                           ; 3                  ; 3                  ;
; Power Optimization During Synthesis                                             ; Normal compilation ; Normal compilation ;
; HDL message level                                                               ; Level2             ; Level2             ;
; Suppress Register Optimization Related Messages                                 ; Off                ; Off                ;
; Number of Removed Registers Reported in Synthesis Report                        ; 5000               ; 5000               ;
; Number of Swept Nodes Reported in Synthesis Report                              ; 5000               ; 5000               ;
; Number of Inverted Registers Reported in Synthesis Report                       ; 100                ; 100                ;
; Clock MUX Protection                                                            ; On                 ; On                 ;
; Auto Gated Clock Conversion                                                     ; Off                ; Off                ;
; Block Design Naming                                                             ; Auto               ; Auto               ;
; SDC constraint protection                                                       ; Off                ; Off                ;
; Synthesis Effort                                                                ; Auto               ; Auto               ;
; Shift Register Replacement - Allow Asynchronous Clear Signal                    ; On                 ; On                 ;
; Pre-Mapping Resynthesis Optimization                                            ; Off                ; Off                ;
; Analysis & Synthesis Message Level                                              ; Medium             ; Medium             ;
; Disable Register Merging Across Hierarchies                                     ; Auto               ; Auto               ;
; Resource Aware Inference For Block RAM                                          ; On                 ; On                 ;
; Automatic Parallel Synthesis                                                    ; On                 ; On                 ;
; Partial Reconfiguration Bitstream ID                                            ; Off                ; Off                ;
+---------------------------------------------------------------------------------+--------------------+--------------------+


+------------------------------------------+
; Parallel Compilation                     ;
+----------------------------+-------------+
; Processors                 ; Number      ;
+----------------------------+-------------+
; Number detected on machine ; 8           ;
; Maximum allowed            ; 4           ;
;                            ;             ;
; Average used               ; 1.00        ;
; Maximum used               ; 1           ;
;                            ;             ;
; Usage by Processor         ; % Time Used ;
;     Processor 1            ; 100.0%      ;
+----------------------------+-------------+


+--------------------------------------------------------------------------------------------------------------------------------------------------+
; Analysis & Synthesis Source Files Read                                                                                                           ;
+----------------------------------+-----------------+-----------------------+-----------------------------------------------------------+---------+
; File Name with User-Entered Path ; Used in Netlist ; File Type             ; File Name with Absolute Path                              ; Library ;
+----------------------------------+-----------------+-----------------------+-----------------------------------------------------------+---------+
; ALU_16.vhd                       ; yes             ; User VHDL File        ; C:/Users/19176/Desktop/ALU16bit/ALU16bit/ALU_16.vhd       ;         ;
; bkadder.vhd                      ; yes             ; Auto-Found VHDL File  ; C:/Users/19176/Desktop/ALU16bit/ALU16bit/bkadder.vhd      ;         ;
; genb2.vhd                        ; yes             ; Auto-Found VHDL File  ; C:/Users/19176/Desktop/ALU16bit/ALU16bit/genb2.vhd        ;         ;
; xor2.vhd                         ; yes             ; Auto-Found VHDL File  ; C:/Users/19176/Desktop/ALU16bit/ALU16bit/xor2.vhd         ;         ;
; and_2.vhd                        ; yes             ; Auto-Found VHDL File  ; C:/Users/19176/Desktop/ALU16bit/ALU16bit/and_2.vhd        ;         ;
; genprop.vhd                      ; yes             ; Auto-Found VHDL File  ; C:/Users/19176/Desktop/ALU16bit/ALU16bit/genprop.vhd      ;         ;
; carrygen.vhd                     ; yes             ; Auto-Found VHDL File  ; C:/Users/19176/Desktop/ALU16bit/ALU16bit/carrygen.vhd     ;         ;
; finalsum.vhd                     ; yes             ; Auto-Found VHDL File  ; C:/Users/19176/Desktop/ALU16bit/ALU16bit/finalsum.vhd     ;         ;
; zerocheck.vhd                    ; yes             ; Auto-Found VHDL File  ; C:/Users/19176/Desktop/ALU16bit/ALU16bit/zerocheck.vhd    ;         ;
; bitwise_nand.vhd                 ; yes             ; Auto-Found VHDL File  ; C:/Users/19176/Desktop/ALU16bit/ALU16bit/bitwise_nand.vhd ;         ;
; nand_2.vhd                       ; yes             ; Auto-Found VHDL File  ; C:/Users/19176/Desktop/ALU16bit/ALU16bit/nand_2.vhd       ;         ;
; zerocheck_1.vhd                  ; yes             ; Auto-Found VHDL File  ; C:/Users/19176/Desktop/ALU16bit/ALU16bit/zerocheck_1.vhd  ;         ;
; bitwise_xor.vhd                  ; yes             ; Auto-Found VHDL File  ; C:/Users/19176/Desktop/ALU16bit/ALU16bit/bitwise_xor.vhd  ;         ;
; mux_42.vhd                       ; yes             ; Auto-Found VHDL File  ; C:/Users/19176/Desktop/ALU16bit/ALU16bit/mux_42.vhd       ;         ;
; mux_out.vhd                      ; yes             ; Auto-Found VHDL File  ; C:/Users/19176/Desktop/ALU16bit/ALU16bit/mux_out.vhd      ;         ;
; cout_calc.vhd                    ; yes             ; Auto-Found VHDL File  ; C:/Users/19176/Desktop/ALU16bit/ALU16bit/cout_calc.vhd    ;         ;
; zout_calc.vhd                    ; yes             ; Auto-Found VHDL File  ; C:/Users/19176/Desktop/ALU16bit/ALU16bit/zout_calc.vhd    ;         ;
+----------------------------------+-----------------+-----------------------+-----------------------------------------------------------+---------+


+--------------------------------------------------------+
; Analysis & Synthesis Resource Usage Summary            ;
+---------------------------------------------+----------+
; Resource                                    ; Usage    ;
+---------------------------------------------+----------+
; Estimate of Logic utilization (ALMs needed) ; 88       ;
;                                             ;          ;
; Combinational ALUT usage for logic          ; 123      ;
;     -- 7 input functions                    ; 2        ;
;     -- 6 input functions                    ; 51       ;
;     -- 5 input functions                    ; 12       ;
;     -- 4 input functions                    ; 33       ;
;     -- <=3 input functions                  ; 25       ;
;                                             ;          ;
; Dedicated logic registers                   ; 0        ;
;                                             ;          ;
; I/O pins                                    ; 52       ;
;                                             ;          ;
; Total DSP Blocks                            ; 0        ;
;                                             ;          ;
; Maximum fan-out node                        ; S0~input ;
; Maximum fan-out                             ; 21       ;
; Total fan-out                               ; 642      ;
; Average fan-out                             ; 2.83     ;
+---------------------------------------------+----------+


+-------------------------------------------------------------------------------------------------------------------------------------------------------------------------------------------------------+
; Analysis & Synthesis Resource Utilization by Entity                                                                                                                                                   ;
+----------------------------+---------------------+---------------------------+-------------------+------------+------+--------------+-----------------------------------+--------------+--------------+
; Compilation Hierarchy Node ; Combinational ALUTs ; Dedicated Logic Registers ; Block Memory Bits ; DSP Blocks ; Pins ; Virtual Pins ; Full Hierarchy Name               ; Entity Name  ; Library Name ;
+----------------------------+---------------------+---------------------------+-------------------+------------+------+--------------+-----------------------------------+--------------+--------------+
; |ALU_16                    ; 123 (0)             ; 0 (0)                     ; 0                 ; 0          ; 52   ; 0            ; |ALU_16                           ; ALU_16       ; work         ;
;    |BKAdder:a1|            ; 32 (0)              ; 0 (0)                     ; 0                 ; 0          ; 0    ; 0            ; |ALU_16|BKAdder:a1                ; BKAdder      ; work         ;
;       |GenProp:u11|        ; 1 (1)               ; 0 (0)                     ; 0                 ; 0          ; 0    ; 0            ; |ALU_16|BKAdder:a1|GenProp:u11    ; GenProp      ; work         ;
;       |GenProp:u13|        ; 1 (1)               ; 0 (0)                     ; 0                 ; 0          ; 0    ; 0            ; |ALU_16|BKAdder:a1|GenProp:u13    ; GenProp      ; work         ;
;       |GenProp:u15|        ; 3 (3)               ; 0 (0)                     ; 0                 ; 0          ; 0    ; 0            ; |ALU_16|BKAdder:a1|GenProp:u15    ; GenProp      ; work         ;
;       |GenProp:u17|        ; 2 (2)               ; 0 (0)                     ; 0                 ; 0          ; 0    ; 0            ; |ALU_16|BKAdder:a1|GenProp:u17    ; GenProp      ; work         ;
;       |GenProp:u18|        ; 2 (2)               ; 0 (0)                     ; 0                 ; 0          ; 0    ; 0            ; |ALU_16|BKAdder:a1|GenProp:u18    ; GenProp      ; work         ;
;       |GenProp:u19|        ; 2 (2)               ; 0 (0)                     ; 0                 ; 0          ; 0    ; 0            ; |ALU_16|BKAdder:a1|GenProp:u19    ; GenProp      ; work         ;
;       |GenProp:u1|         ; 1 (1)               ; 0 (0)                     ; 0                 ; 0          ; 0    ; 0            ; |ALU_16|BKAdder:a1|GenProp:u1     ; GenProp      ; work         ;
;       |GenProp:u20|        ; 1 (1)               ; 0 (0)                     ; 0                 ; 0          ; 0    ; 0            ; |ALU_16|BKAdder:a1|GenProp:u20    ; GenProp      ; work         ;
;       |GenProp:u21|        ; 1 (1)               ; 0 (0)                     ; 0                 ; 0          ; 0    ; 0            ; |ALU_16|BKAdder:a1|GenProp:u21    ; GenProp      ; work         ;
;       |GenProp:u22|        ; 1 (1)               ; 0 (0)                     ; 0                 ; 0          ; 0    ; 0            ; |ALU_16|BKAdder:a1|GenProp:u22    ; GenProp      ; work         ;
;       |GenProp:u23|        ; 1 (1)               ; 0 (0)                     ; 0                 ; 0          ; 0    ; 0            ; |ALU_16|BKAdder:a1|GenProp:u23    ; GenProp      ; work         ;
;       |GenProp:u24|        ; 1 (1)               ; 0 (0)                     ; 0                 ; 0          ; 0    ; 0            ; |ALU_16|BKAdder:a1|GenProp:u24    ; GenProp      ; work         ;
;       |GenProp:u25|        ; 1 (1)               ; 0 (0)                     ; 0                 ; 0          ; 0    ; 0            ; |ALU_16|BKAdder:a1|GenProp:u25    ; GenProp      ; work         ;
;       |GenProp:u26|        ; 1 (1)               ; 0 (0)                     ; 0                 ; 0          ; 0    ; 0            ; |ALU_16|BKAdder:a1|GenProp:u26    ; GenProp      ; work         ;
;       |GenProp:u9|         ; 3 (3)               ; 0 (0)                     ; 0                 ; 0          ; 0    ; 0            ; |ALU_16|BKAdder:a1|GenProp:u9     ; GenProp      ; work         ;
;       |xor2:x1|            ; 10 (10)             ; 0 (0)                     ; 0                 ; 0          ; 0    ; 0            ; |ALU_16|BKAdder:a1|xor2:x1        ; xor2         ; work         ;
;    |BKAdder:sub1|          ; 41 (0)              ; 0 (0)                     ; 0                 ; 0          ; 0    ; 0            ; |ALU_16|BKAdder:sub1              ; BKAdder      ; work         ;
;       |GenProp:u10|        ; 1 (1)               ; 0 (0)                     ; 0                 ; 0          ; 0    ; 0            ; |ALU_16|BKAdder:sub1|GenProp:u10  ; GenProp      ; work         ;
;       |GenProp:u11|        ; 1 (1)               ; 0 (0)                     ; 0                 ; 0          ; 0    ; 0            ; |ALU_16|BKAdder:sub1|GenProp:u11  ; GenProp      ; work         ;
;       |GenProp:u13|        ; 4 (4)               ; 0 (0)                     ; 0                 ; 0          ; 0    ; 0            ; |ALU_16|BKAdder:sub1|GenProp:u13  ; GenProp      ; work         ;
;       |GenProp:u15|        ; 2 (2)               ; 0 (0)                     ; 0                 ; 0          ; 0    ; 0            ; |ALU_16|BKAdder:sub1|GenProp:u15  ; GenProp      ; work         ;
;       |GenProp:u17|        ; 3 (3)               ; 0 (0)                     ; 0                 ; 0          ; 0    ; 0            ; |ALU_16|BKAdder:sub1|GenProp:u17  ; GenProp      ; work         ;
;       |GenProp:u18|        ; 3 (3)               ; 0 (0)                     ; 0                 ; 0          ; 0    ; 0            ; |ALU_16|BKAdder:sub1|GenProp:u18  ; GenProp      ; work         ;
;       |GenProp:u19|        ; 3 (3)               ; 0 (0)                     ; 0                 ; 0          ; 0    ; 0            ; |ALU_16|BKAdder:sub1|GenProp:u19  ; GenProp      ; work         ;
;       |GenProp:u1|         ; 3 (3)               ; 0 (0)                     ; 0                 ; 0          ; 0    ; 0            ; |ALU_16|BKAdder:sub1|GenProp:u1   ; GenProp      ; work         ;
;       |GenProp:u20|        ; 1 (1)               ; 0 (0)                     ; 0                 ; 0          ; 0    ; 0            ; |ALU_16|BKAdder:sub1|GenProp:u20  ; GenProp      ; work         ;
;       |GenProp:u7|         ; 1 (1)               ; 0 (0)                     ; 0                 ; 0          ; 0    ; 0            ; |ALU_16|BKAdder:sub1|GenProp:u7   ; GenProp      ; work         ;
;       |GenProp:u9|         ; 3 (3)               ; 0 (0)                     ; 0                 ; 0          ; 0    ; 0            ; |ALU_16|BKAdder:sub1|GenProp:u9   ; GenProp      ; work         ;
;       |carrygen:c1|        ; 10 (10)             ; 0 (0)                     ; 0                 ; 0          ; 0    ; 0            ; |ALU_16|BKAdder:sub1|carrygen:c1  ; carrygen     ; work         ;
;       |finalsum:s1|        ; 6 (6)               ; 0 (0)                     ; 0                 ; 0          ; 0    ; 0            ; |ALU_16|BKAdder:sub1|finalsum:s1  ; finalsum     ; work         ;
;    |bitwise_nand:n1|       ; 1 (0)               ; 0 (0)                     ; 0                 ; 0          ; 0    ; 0            ; |ALU_16|bitwise_nand:n1           ; bitwise_nand ; work         ;
;       |nand_2:u9|          ; 1 (1)               ; 0 (0)                     ; 0                 ; 0          ; 0    ; 0            ; |ALU_16|bitwise_nand:n1|nand_2:u9 ; nand_2       ; work         ;
;    |mux_42:c1|             ; 49 (0)              ; 0 (0)                     ; 0                 ; 0          ; 0    ; 0            ; |ALU_16|mux_42:c1                 ; mux_42       ; work         ;
;       |cout_calc:u2|       ; 1 (1)               ; 0 (0)                     ; 0                 ; 0          ; 0    ; 0            ; |ALU_16|mux_42:c1|cout_calc:u2    ; cout_calc    ; work         ;
;       |mux_out:u1|         ; 20 (20)             ; 0 (0)                     ; 0                 ; 0          ; 0    ; 0            ; |ALU_16|mux_42:c1|mux_out:u1      ; mux_out      ; work         ;
;       |zout_calc:u3|       ; 28 (28)             ; 0 (0)                     ; 0                 ; 0          ; 0    ; 0            ; |ALU_16|mux_42:c1|zout_calc:u3    ; zout_calc    ; work         ;
+----------------------------+---------------------+---------------------------+-------------------+------------+------+--------------+-----------------------------------+--------------+--------------+
Note: For table entries with two numbers listed, the numbers in parentheses indicate the number of resources of the given type used by the specific entity alone. The numbers listed outside of parentheses indicate the total resources of the given type used by the specific entity and all of its sub-entities in the hierarchy.


+------------------------------------------------------+
; General Register Statistics                          ;
+----------------------------------------------+-------+
; Statistic                                    ; Value ;
+----------------------------------------------+-------+
; Total registers                              ; 0     ;
; Number of registers using Synchronous Clear  ; 0     ;
; Number of registers using Synchronous Load   ; 0     ;
; Number of registers using Asynchronous Clear ; 0     ;
; Number of registers using Asynchronous Load  ; 0     ;
; Number of registers using Clock Enable       ; 0     ;
; Number of registers using Preset             ; 0     ;
+----------------------------------------------+-------+


+------------------------------------------+
; Port Connectivity Checks: "BKAdder:sub1" ;
+------+-------+----------+----------------+
; Port ; Type  ; Severity ; Details        ;
+------+-------+----------+----------------+
; c0   ; Input ; Info     ; Stuck at VCC   ;
+------+-------+----------+----------------+


+----------------------------------------+
; Port Connectivity Checks: "BKAdder:a1" ;
+------+-------+----------+--------------+
; Port ; Type  ; Severity ; Details      ;
+------+-------+----------+--------------+
; c0   ; Input ; Info     ; Stuck at GND ;
+------+-------+----------+--------------+


+-----------------------------------------------------+
; Post-Synthesis Netlist Statistics for Top Partition ;
+-----------------------+-----------------------------+
; Type                  ; Count                       ;
+-----------------------+-----------------------------+
; arriav_lcell_comb     ; 123                         ;
;     extend            ; 2                           ;
;         7 data inputs ; 2                           ;
;     normal            ; 121                         ;
;         2 data inputs ; 15                          ;
;         3 data inputs ; 10                          ;
;         4 data inputs ; 33                          ;
;         5 data inputs ; 12                          ;
;         6 data inputs ; 51                          ;
; boundary_port         ; 52                          ;
;                       ;                             ;
; Max LUT depth         ; 6.00                        ;
; Average LUT depth     ; 5.27                        ;
+-----------------------+-----------------------------+


+-------------------------------+
; Elapsed Time Per Partition    ;
+----------------+--------------+
; Partition Name ; Elapsed Time ;
+----------------+--------------+
; Top            ; 00:00:01     ;
+----------------+--------------+


+-------------------------------+
; Analysis & Synthesis Messages ;
+-------------------------------+
Info: *******************************************************************
Info: Running Quartus Prime Analysis & Synthesis
    Info: Version 20.1.0 Build 711 06/05/2020 SJ Lite Edition
    Info: Processing started: Fri Dec 04 20:16:16 2020
Info: Command: quartus_map --read_settings_files=on --write_settings_files=off ALU -c ALU_16
Warning (18236): Number of processors has not been specified which may cause overloading on shared machines.  Set the global assignment NUM_PARALLEL_PROCESSORS in your QSF to an appropriate value for best performance.
Info (20030): Parallel compilation is enabled and will use 4 of the 4 processors detected
Info (12021): Found 2 design units, including 1 entities, in source file alu_16.vhd
    Info (12022): Found design unit 1: ALU_16-arch File: C:/Users/19176/Desktop/ALU16bit/ALU16bit/ALU_16.vhd Line: 5
    Info (12023): Found entity 1: ALU_16 File: C:/Users/19176/Desktop/ALU16bit/ALU16bit/ALU_16.vhd Line: 1
Info (12127): Elaborating entity "ALU_16" for the top level hierarchy
Warning (12125): Using design file bkadder.vhd, which is not specified as a design file for the current project, but contains definitions for 2 design units and 1 entities in project
    Info (12022): Found design unit 1: BKAdder-Struct File: C:/Users/19176/Desktop/ALU16bit/ALU16bit/bkadder.vhd Line: 11
    Info (12023): Found entity 1: BKAdder File: C:/Users/19176/Desktop/ALU16bit/ALU16bit/bkadder.vhd Line: 3
Info (12128): Elaborating entity "BKAdder" for hierarchy "BKAdder:a1" File: C:/Users/19176/Desktop/ALU16bit/ALU16bit/ALU_16.vhd Line: 52
Warning (12125): Using design file genb2.vhd, which is not specified as a design file for the current project, but contains definitions for 2 design units and 1 entities in project
    Info (12022): Found design unit 1: genB2-StructB2 File: C:/Users/19176/Desktop/ALU16bit/ALU16bit/genb2.vhd Line: 5
    Info (12023): Found entity 1: genB2 File: C:/Users/19176/Desktop/ALU16bit/ALU16bit/genb2.vhd Line: 1
Info (12128): Elaborating entity "genB2" for hierarchy "BKAdder:a1|genB2:b1" File: C:/Users/19176/Desktop/ALU16bit/ALU16bit/bkadder.vhd Line: 72
Warning (12125): Using design file xor2.vhd, which is not specified as a design file for the current project, but contains definitions for 2 design units and 1 entities in project
    Info (12022): Found design unit 1: xor2-Structxor File: C:/Users/19176/Desktop/ALU16bit/ALU16bit/xor2.vhd Line: 7
    Info (12023): Found entity 1: xor2 File: C:/Users/19176/Desktop/ALU16bit/ALU16bit/xor2.vhd Line: 2
Info (12128): Elaborating entity "xor2" for hierarchy "BKAdder:a1|xor2:x1" File: C:/Users/19176/Desktop/ALU16bit/ALU16bit/bkadder.vhd Line: 77
Warning (12125): Using design file and_2.vhd, which is not specified as a design file for the current project, but contains definitions for 2 design units and 1 entities in project
    Info (12022): Found design unit 1: and_2-Structand File: C:/Users/19176/Desktop/ALU16bit/ALU16bit/and_2.vhd Line: 7
    Info (12023): Found entity 1: and_2 File: C:/Users/19176/Desktop/ALU16bit/ALU16bit/and_2.vhd Line: 2
Info (12128): Elaborating entity "and_2" for hierarchy "BKAdder:a1|and_2:x2" File: C:/Users/19176/Desktop/ALU16bit/ALU16bit/bkadder.vhd Line: 82
Warning (12125): Using design file genprop.vhd, which is not specified as a design file for the current project, but contains definitions for 2 design units and 1 entities in project
    Info (12022): Found design unit 1: GenProp-Struct1 File: C:/Users/19176/Desktop/ALU16bit/ALU16bit/genprop.vhd Line: 9
    Info (12023): Found entity 1: GenProp File: C:/Users/19176/Desktop/ALU16bit/ALU16bit/genprop.vhd Line: 2
Info (12128): Elaborating entity "GenProp" for hierarchy "BKAdder:a1|GenProp:u1" File: C:/Users/19176/Desktop/ALU16bit/ALU16bit/bkadder.vhd Line: 91
Warning (12125): Using design file carrygen.vhd, which is not specified as a design file for the current project, but contains definitions for 2 design units and 1 entities in project
    Info (12022): Found design unit 1: carrygen-Structcarrygen File: C:/Users/19176/Desktop/ALU16bit/ALU16bit/carrygen.vhd Line: 6
    Info (12023): Found entity 1: carrygen File: C:/Users/19176/Desktop/ALU16bit/ALU16bit/carrygen.vhd Line: 2
Info (12128): Elaborating entity "carrygen" for hierarchy "BKAdder:a1|carrygen:c1" File: C:/Users/19176/Desktop/ALU16bit/ALU16bit/bkadder.vhd Line: 205
Warning (12125): Using design file finalsum.vhd, which is not specified as a design file for the current project, but contains definitions for 2 design units and 1 entities in project
    Info (12022): Found design unit 1: finalsum-Structfinalsum File: C:/Users/19176/Desktop/ALU16bit/ALU16bit/finalsum.vhd Line: 7
    Info (12023): Found entity 1: finalsum File: C:/Users/19176/Desktop/ALU16bit/ALU16bit/finalsum.vhd Line: 2
Info (12128): Elaborating entity "finalsum" for hierarchy "BKAdder:a1|finalsum:s1" File: C:/Users/19176/Desktop/ALU16bit/ALU16bit/bkadder.vhd Line: 210
Warning (12125): Using design file zerocheck.vhd, which is not specified as a design file for the current project, but contains definitions for 2 design units and 1 entities in project
    Info (12022): Found design unit 1: zerocheck-Structzerocheck File: C:/Users/19176/Desktop/ALU16bit/ALU16bit/zerocheck.vhd Line: 7
    Info (12023): Found entity 1: zerocheck File: C:/Users/19176/Desktop/ALU16bit/ALU16bit/zerocheck.vhd Line: 2
Info (12128): Elaborating entity "zerocheck" for hierarchy "BKAdder:a1|zerocheck:z1" File: C:/Users/19176/Desktop/ALU16bit/ALU16bit/bkadder.vhd Line: 218
Warning (12125): Using design file bitwise_nand.vhd, which is not specified as a design file for the current project, but contains definitions for 2 design units and 1 entities in project
    Info (12022): Found design unit 1: bitwise_nand-Struct File: C:/Users/19176/Desktop/ALU16bit/ALU16bit/bitwise_nand.vhd Line: 9
    Info (12023): Found entity 1: bitwise_nand File: C:/Users/19176/Desktop/ALU16bit/ALU16bit/bitwise_nand.vhd Line: 1
Info (12128): Elaborating entity "bitwise_nand" for hierarchy "bitwise_nand:n1" File: C:/Users/19176/Desktop/ALU16bit/ALU16bit/ALU_16.vhd Line: 64
Warning (12125): Using design file nand_2.vhd, which is not specified as a design file for the current project, but contains definitions for 2 design units and 1 entities in project
    Info (12022): Found design unit 1: nand_2-Struct File: C:/Users/19176/Desktop/ALU16bit/ALU16bit/nand_2.vhd Line: 8
    Info (12023): Found entity 1: nand_2 File: C:/Users/19176/Desktop/ALU16bit/ALU16bit/nand_2.vhd Line: 1
Info (12128): Elaborating entity "nand_2" for hierarchy "bitwise_nand:n1|nand_2:u1" File: C:/Users/19176/Desktop/ALU16bit/ALU16bit/bitwise_nand.vhd Line: 28
Warning (12125): Using design file zerocheck_1.vhd, which is not specified as a design file for the current project, but contains definitions for 2 design units and 1 entities in project
    Info (12022): Found design unit 1: zerocheck_1-Structzerocheck_1 File: C:/Users/19176/Desktop/ALU16bit/ALU16bit/zerocheck_1.vhd Line: 7
    Info (12023): Found entity 1: zerocheck_1 File: C:/Users/19176/Desktop/ALU16bit/ALU16bit/zerocheck_1.vhd Line: 2
Info (12128): Elaborating entity "zerocheck_1" for hierarchy "bitwise_nand:n1|zerocheck_1:u17" File: C:/Users/19176/Desktop/ALU16bit/ALU16bit/bitwise_nand.vhd Line: 110
Warning (12125): Using design file bitwise_xor.vhd, which is not specified as a design file for the current project, but contains definitions for 2 design units and 1 entities in project
    Info (12022): Found design unit 1: bitwise_xor-behavioral File: C:/Users/19176/Desktop/ALU16bit/ALU16bit/bitwise_xor.vhd Line: 7
    Info (12023): Found entity 1: bitwise_xor File: C:/Users/19176/Desktop/ALU16bit/ALU16bit/bitwise_xor.vhd Line: 1
Info (12128): Elaborating entity "bitwise_xor" for hierarchy "bitwise_xor:x1" File: C:/Users/19176/Desktop/ALU16bit/ALU16bit/ALU_16.vhd Line: 70
Warning (12125): Using design file mux_42.vhd, which is not specified as a design file for the current project, but contains definitions for 2 design units and 1 entities in project
    Info (12022): Found design unit 1: mux_42-Struct File: C:/Users/19176/Desktop/ALU16bit/ALU16bit/mux_42.vhd Line: 26
    Info (12023): Found entity 1: mux_42 File: C:/Users/19176/Desktop/ALU16bit/ALU16bit/mux_42.vhd Line: 5
Info (12128): Elaborating entity "mux_42" for hierarchy "mux_42:c1" File: C:/Users/19176/Desktop/ALU16bit/ALU16bit/ALU_16.vhd Line: 76
Warning (12125): Using design file mux_out.vhd, which is not specified as a design file for the current project, but contains definitions for 2 design units and 1 entities in project
    Info (12022): Found design unit 1: mux_out-struct File: C:/Users/19176/Desktop/ALU16bit/ALU16bit/mux_out.vhd Line: 8
    Info (12023): Found entity 1: mux_out File: C:/Users/19176/Desktop/ALU16bit/ALU16bit/mux_out.vhd Line: 1
Info (12128): Elaborating entity "mux_out" for hierarchy "mux_42:c1|mux_out:u1" File: C:/Users/19176/Desktop/ALU16bit/ALU16bit/mux_42.vhd Line: 50
Warning (12125): Using design file cout_calc.vhd, which is not specified as a design file for the current project, but contains definitions for 2 design units and 1 entities in project
    Info (12022): Found design unit 1: cout_calc-struct File: C:/Users/19176/Desktop/ALU16bit/ALU16bit/cout_calc.vhd Line: 8
    Info (12023): Found entity 1: cout_calc File: C:/Users/19176/Desktop/ALU16bit/ALU16bit/cout_calc.vhd Line: 1
Info (12128): Elaborating entity "cout_calc" for hierarchy "mux_42:c1|cout_calc:u2" File: C:/Users/19176/Desktop/ALU16bit/ALU16bit/mux_42.vhd Line: 55
Warning (12125): Using design file zout_calc.vhd, which is not specified as a design file for the current project, but contains definitions for 2 design units and 1 entities in project
    Info (12022): Found design unit 1: zout_calc-struct File: C:/Users/19176/Desktop/ALU16bit/ALU16bit/zout_calc.vhd Line: 8
    Info (12023): Found entity 1: zout_calc File: C:/Users/19176/Desktop/ALU16bit/ALU16bit/zout_calc.vhd Line: 1
Info (12128): Elaborating entity "zout_calc" for hierarchy "mux_42:c1|zout_calc:u3" File: C:/Users/19176/Desktop/ALU16bit/ALU16bit/mux_42.vhd Line: 60
Info (286030): Timing-Driven Synthesis is running
Info (16010): Generating hard_block partition "hard_block:auto_generated_inst"
    Info (16011): Adding 0 node(s), including 0 DDIO, 0 PLL, 0 transceiver and 0 LCELL
Info (21057): Implemented 175 device resources after synthesis - the final resource count might be different
    Info (21058): Implemented 34 input pins
    Info (21059): Implemented 18 output pins
    Info (21061): Implemented 123 logic cells
Info: Quartus Prime Analysis & Synthesis was successful. 0 errors, 17 warnings
    Info: Peak virtual memory: 4852 megabytes
    Info: Processing ended: Fri Dec 04 20:16:31 2020
    Info: Elapsed time: 00:00:15
    Info: Total CPU time (on all processors): 00:00:33


